c:\users\paweł.mobile\desktop\cpp\diff\diff\debug\diff.pch
c:\users\paweł.mobile\desktop\cpp\diff\diff\debug\vc120.pdb
c:\users\paweł.mobile\desktop\cpp\diff\diff\debug\vc120.idb
c:\users\paweł.mobile\desktop\cpp\diff\diff\debug\stdafx.obj
c:\users\paweł.mobile\desktop\cpp\diff\diff\debug\comparatorfacade.obj
c:\users\paweł.mobile\desktop\cpp\diff\diff\debug\diff.obj
c:\users\paweł.mobile\desktop\cpp\diff\diff\debug\facade.obj
c:\users\paweł.mobile\desktop\cpp\diff\diff\debug\file.obj
c:\users\paweł.mobile\desktop\cpp\diff\diff\debug\sorcefile.obj
c:\users\paweł.mobile\desktop\cpp\diff\diff\debug\textfile.obj
c:\users\paweł.mobile\desktop\cpp\diff\diff\debug\archiviser.obj
c:\users\paweł.mobile\desktop\cpp\diff\debug\diff.ilk
c:\users\paweł.mobile\desktop\cpp\diff\debug\diff.exe
c:\users\paweł.mobile\desktop\cpp\diff\debug\diff.pdb
c:\users\paweł.mobile\desktop\cpp\diff\diff\debug\diff.tlog\cl.command.1.tlog
c:\users\paweł.mobile\desktop\cpp\diff\diff\debug\diff.tlog\cl.read.1.tlog
c:\users\paweł.mobile\desktop\cpp\diff\diff\debug\diff.tlog\cl.write.1.tlog
c:\users\paweł.mobile\desktop\cpp\diff\diff\debug\diff.tlog\link.command.1.tlog
c:\users\paweł.mobile\desktop\cpp\diff\diff\debug\diff.tlog\link.read.1.tlog
c:\users\paweł.mobile\desktop\cpp\diff\diff\debug\diff.tlog\link.write.1.tlog
